[0m22:01:13.335490 [debug] [MainThread]: Sending event: {'category': 'dbt', 'action': 'invocation', 'label': 'start', 'context': [<snowplow_tracker.self_describing_json.SelfDescribingJson object at 0x1071b5150>, <snowplow_tracker.self_describing_json.SelfDescribingJson object at 0x107244510>, <snowplow_tracker.self_describing_json.SelfDescribingJson object at 0x10660a410>]}


============================== 22:01:13.339419 | 00f2cda6-b5a3-4d25-8caa-abcaa9a2e7b0 ==============================
[0m22:01:13.339419 [info ] [MainThread]: Running with dbt=1.7.8
[0m22:01:13.339752 [debug] [MainThread]: running dbt with arguments {'printer_width': '80', 'indirect_selection': 'eager', 'log_cache_events': 'False', 'write_json': 'True', 'partial_parse': 'True', 'cache_selected_only': 'False', 'warn_error': 'None', 'version_check': 'True', 'debug': 'False', 'log_path': 'logs', 'profiles_dir': '/Users/begumkoca/.dbt', 'fail_fast': 'False', 'use_colors': 'True', 'use_experimental_parser': 'False', 'no_print': 'None', 'quiet': 'False', 'warn_error_options': 'WarnErrorOptions(include=[], exclude=[])', 'introspect': 'True', 'static_parser': 'True', 'invocation_command': 'dbt init my_dbt', 'target_path': 'None', 'log_format': 'default', 'send_anonymous_usage_stats': 'True'}
[0m22:01:13.340049 [warn ] [MainThread]: [ConfigFolderDirectory]: Unable to parse dict {'dir': PosixPath('/Users/begumkoca/.dbt')}
[0m22:01:13.340222 [info ] [MainThread]: Creating dbt configuration folder at 
[0m22:01:13.340718 [debug] [MainThread]: Starter project path: /Users/begumkoca/Documents/GitHub/my_dbt/.venv/lib/python3.11/site-packages/dbt/include/starter_project
[0m22:01:13.344661 [info ] [MainThread]: 
Your new dbt project "my_dbt" was created!

For more information on how to configure the profiles.yml file,
please consult the dbt documentation here:

  https://docs.getdbt.com/docs/configure-your-profile

One more thing:

Need help? Don't hesitate to reach out to us via GitHub issues or on Slack:

  https://community.getdbt.com/

Happy modeling!

[0m22:01:13.344869 [info ] [MainThread]: Setting up your profile.
[0m22:01:13.345201 [error] [MainThread]: Encountered an error:
Runtime Error
  No adapters available. Learn how to install an adapter by going to https://docs.getdbt.com/docs/connect-adapters#install-using-the-cli
[0m22:01:13.587402 [debug] [MainThread]: Resource report: {"command_name": "init", "command_wall_clock_time": 0.2637041, "process_user_time": 0.9745, "process_kernel_time": 0.153207, "process_mem_max_rss": "108314624", "command_success": false, "process_in_blocks": "0", "process_out_blocks": "0"}
[0m22:01:13.588454 [debug] [MainThread]: Command `dbt init` failed at 22:01:13.588239 after 0.26 seconds
[0m22:01:13.589073 [debug] [MainThread]: Sending event: {'category': 'dbt', 'action': 'invocation', 'label': 'end', 'context': [<snowplow_tracker.self_describing_json.SelfDescribingJson object at 0x106629d50>, <snowplow_tracker.self_describing_json.SelfDescribingJson object at 0x100d98610>, <snowplow_tracker.self_describing_json.SelfDescribingJson object at 0x100d98990>]}
[0m22:01:13.589685 [debug] [MainThread]: Flushing usage events
[0m22:50:50.370188 [debug] [MainThread]: Sending event: {'category': 'dbt', 'action': 'invocation', 'label': 'start', 'context': [<snowplow_tracker.self_describing_json.SelfDescribingJson object at 0x1113da250>, <snowplow_tracker.self_describing_json.SelfDescribingJson object at 0x11149fe10>, <snowplow_tracker.self_describing_json.SelfDescribingJson object at 0x11142c690>]}


============================== 22:50:50.373480 | 76613b9f-444b-4907-b888-3394831c27a1 ==============================
[0m22:50:50.373480 [info ] [MainThread]: Running with dbt=1.7.8
[0m22:50:50.373860 [debug] [MainThread]: running dbt with arguments {'printer_width': '80', 'indirect_selection': 'eager', 'log_cache_events': 'False', 'write_json': 'True', 'partial_parse': 'True', 'cache_selected_only': 'False', 'profiles_dir': '/Users/begumkoca/.dbt', 'debug': 'False', 'version_check': 'True', 'log_path': 'logs', 'fail_fast': 'False', 'warn_error': 'None', 'use_colors': 'True', 'use_experimental_parser': 'False', 'no_print': 'None', 'quiet': 'False', 'warn_error_options': 'WarnErrorOptions(include=[], exclude=[])', 'static_parser': 'True', 'log_format': 'default', 'invocation_command': 'dbt debug', 'target_path': 'None', 'introspect': 'True', 'send_anonymous_usage_stats': 'True'}
[0m22:50:50.374226 [info ] [MainThread]: dbt version: 1.7.8
[0m22:50:50.374406 [info ] [MainThread]: python version: 3.11.5
[0m22:50:50.374572 [info ] [MainThread]: python path: /Users/begumkoca/Documents/GitHub/my_dbt/.venv/bin/python
[0m22:50:50.374724 [info ] [MainThread]: os info: macOS-14.2.1-arm64-arm-64bit
[0m22:50:50.374899 [info ] [MainThread]: Using profiles dir at /Users/begumkoca/.dbt
[0m22:50:50.375055 [info ] [MainThread]: Using profiles.yml file at /Users/begumkoca/.dbt/profiles.yml
[0m22:50:50.375196 [info ] [MainThread]: Using dbt_project.yml file at /Users/begumkoca/Documents/GitHub/my_dbt/dbt_project.yml
[0m22:50:50.375344 [info ] [MainThread]: Configuration:
[0m22:50:50.375479 [info ] [MainThread]:   profiles.yml file [[31mERROR not found[0m]
[0m22:50:50.375617 [info ] [MainThread]:   dbt_project.yml file [[31mERROR not found[0m]
[0m22:50:50.375750 [info ] [MainThread]: Required dependencies:
[0m22:50:50.375932 [debug] [MainThread]: Executing "git --help"
[0m22:50:50.389431 [debug] [MainThread]: STDOUT: "b"usage: git [-v | --version] [-h | --help] [-C <path>] [-c <name>=<value>]\n           [--exec-path[=<path>]] [--html-path] [--man-path] [--info-path]\n           [-p | --paginate | -P | --no-pager] [--no-replace-objects] [--bare]\n           [--git-dir=<path>] [--work-tree=<path>] [--namespace=<name>]\n           [--config-env=<name>=<envvar>] <command> [<args>]\n\nThese are common Git commands used in various situations:\n\nstart a working area (see also: git help tutorial)\n   clone     Clone a repository into a new directory\n   init      Create an empty Git repository or reinitialize an existing one\n\nwork on the current change (see also: git help everyday)\n   add       Add file contents to the index\n   mv        Move or rename a file, a directory, or a symlink\n   restore   Restore working tree files\n   rm        Remove files from the working tree and from the index\n\nexamine the history and state (see also: git help revisions)\n   bisect    Use binary search to find the commit that introduced a bug\n   diff      Show changes between commits, commit and working tree, etc\n   grep      Print lines matching a pattern\n   log       Show commit logs\n   show      Show various types of objects\n   status    Show the working tree status\n\ngrow, mark and tweak your common history\n   branch    List, create, or delete branches\n   commit    Record changes to the repository\n   merge     Join two or more development histories together\n   rebase    Reapply commits on top of another base tip\n   reset     Reset current HEAD to the specified state\n   switch    Switch branches\n   tag       Create, list, delete or verify a tag object signed with GPG\n\ncollaborate (see also: git help workflows)\n   fetch     Download objects and refs from another repository\n   pull      Fetch from and integrate with another repository or a local branch\n   push      Update remote refs along with associated objects\n\n'git help -a' and 'git help -g' list available subcommands and some\nconcept guides. See 'git help <command>' or 'git help <concept>'\nto read about a specific subcommand or concept.\nSee 'git help git' for an overview of the system.\n""
[0m22:50:50.389943 [debug] [MainThread]: STDERR: "b''"
[0m22:50:50.390160 [info ] [MainThread]:  - git [[32mOK found[0m]

[0m22:50:50.390343 [info ] [MainThread]: Connection test skipped since no profile was found
[0m22:50:50.390532 [info ] [MainThread]: [31m2 checks failed:[0m
[0m22:50:50.390682 [info ] [MainThread]: dbt looked for a profiles.yml file in /Users/begumkoca/.dbt/profiles.yml, but did
not find one. For more information on configuring your profile, consult the
documentation:

https://docs.getdbt.com/docs/configure-your-profile


[0m22:50:50.390847 [info ] [MainThread]: Project loading failed for the following reason:
 project path </Users/begumkoca/Documents/GitHub/my_dbt/dbt_project.yml> not found

[0m22:50:50.629927 [debug] [MainThread]: Resource report: {"command_name": "debug", "command_wall_clock_time": 0.27117214, "process_user_time": 1.153157, "process_kernel_time": 0.294129, "process_mem_max_rss": "110592000", "command_success": false, "process_in_blocks": "0", "process_out_blocks": "0"}
[0m22:50:50.632252 [debug] [MainThread]: Command `dbt debug` failed at 22:50:50.631899 after 0.27 seconds
[0m22:50:50.633408 [debug] [MainThread]: Sending event: {'category': 'dbt', 'action': 'invocation', 'label': 'end', 'context': [<snowplow_tracker.self_describing_json.SelfDescribingJson object at 0x1116ba250>, <snowplow_tracker.self_describing_json.SelfDescribingJson object at 0x11140c850>, <snowplow_tracker.self_describing_json.SelfDescribingJson object at 0x11173d890>]}
[0m22:50:50.634310 [debug] [MainThread]: Flushing usage events
